C51 COMPILER V9.01   DC_MOTOR                                                              06/15/2022 16:46:27 PAGE 1   


C51 COMPILER V9.01, COMPILATION OF MODULE DC_MOTOR
OBJECT MODULE PLACED IN DC_Motor.OBJ
COMPILER INVOKED BY: E:\Keil\C51\BIN\C51.EXE DC_Motor.c BROWSE DEBUG OBJECTEXTEND

line level    source

   1          #include "reg52.h"
   2          #include "interrupt_utils.h"
   3          sbit P10=P1^0;
   4          sbit K3 = P3^2;
   5          void main(){    
   6   1              Int0_Init(0);
   7   1              P10=0;
   8   1              while(1){
   9   2              }
  10   1      }
  11          void Int0_Routine(void) interrupt 0{
  12   1               while(!K3){
  13   2                      P10=1;
  14   2               }
  15   1               P10=0;
  16   1      }


MODULE INFORMATION:   STATIC OVERLAYABLE
   CODE SIZE        =    115    ----
   CONSTANT SIZE    =   ----    ----
   XDATA SIZE       =   ----    ----
   PDATA SIZE       =   ----    ----
   DATA SIZE        =   ----      18
   IDATA SIZE       =   ----    ----
   BIT SIZE         =   ----    ----
END OF MODULE INFORMATION.


C51 COMPILATION COMPLETE.  0 WARNING(S),  0 ERROR(S)
