C51 COMPILER V9.01   MAIN                                                                  06/03/2022 13:25:42 PAGE 1   


C51 COMPILER V9.01, COMPILATION OF MODULE MAIN
OBJECT MODULE PLACED IN main.OBJ
COMPILER INVOKED BY: E:\Keil\C51\BIN\C51.EXE main.c BROWSE DEBUG OBJECTEXTEND

line level    source

   1          #include "Scan_Button.h"
   2          #include " display_utils.h"
   3          
   4          void delay(uint i){
   5   1              while(i--){}
   6   1      }
   7          void main(){
   8   1              uint buffer[8]={0x00,0x00,0x00,0x00,0x00,0x00,0x00,0x00};
   9   1              int index=0;    
  10   1              while(1){               
  11   2                      uint line=4;
  12   2                      uint col=4;
  13   2                      uint i;
  14   2                      /*获取矩阵按键位置*/
  15   2                      delay(6000);
  16   2                      line = get_line();
  17   2                      col = get_col();
  18   2                      delay(6000);
  19   2                      if(line<4 && col<4){
  20   3                              if(index>7) index=0;
  21   3                              buffer[index++]= Table16[line][col];
  22   3                      }       
  23   2                      for(i=0 ; i<8 ; ++i){
  24   3                              choose_display(i);
  25   3                              delay(100);
  26   3                              P0=buffer[i];
  27   3                              delay(100);
  28   3                              P0=0x00;
  29   3                      }       
  30   2              }
  31   1      }


MODULE INFORMATION:   STATIC OVERLAYABLE
   CODE SIZE        =    395    ----
   CONSTANT SIZE    =     16    ----
   XDATA SIZE       =   ----    ----
   PDATA SIZE       =   ----    ----
   DATA SIZE        =     32      24
   IDATA SIZE       =   ----    ----
   BIT SIZE         =   ----    ----
END OF MODULE INFORMATION.


C51 COMPILATION COMPLETE.  0 WARNING(S),  0 ERROR(S)
