C51 COMPILER V9.01   BEES                                                                  05/31/2022 16:15:40 PAGE 1   


C51 COMPILER V9.01, COMPILATION OF MODULE BEES
OBJECT MODULE PLACED IN bees.OBJ
COMPILER INVOKED BY: E:\Keil\C51\BIN\C51.EXE bees.c BROWSE DEBUG OBJECTEXTEND

line level    source

   1          #include "reg52.h"
   2          typedef unsigned int uint  ;
   3          typedef unsigned char uchar     ;
   4          
   5          sbit BEEP = P2^5 ;
   6          
   7          void delay(uint i){
   8   1               while(i--){
   9   2               }
  10   1      }
  11          
  12          void main(){
  13   1              uint i=100;//调整脉冲频率
  14   1              while(1){
  15   2                      while(i--){
  16   3                              /*//蜂鸣器响，和LED6闪烁
  17   3                              delay(1000);
  18   3                              BEEP = !BEEP;
  19   3                              delay(1000);
  20   3                               */
  21   3      
  22   3                               /*调整空占比，从而调整音量,空占比：高电平占一个周期的比例*/
  23   3                               BEEP=1;
  24   3                               delay(100);
  25   3                               BEEP=0;
  26   3                               delay(10);
  27   3                      }
  28   2                      BEEP=1;  //关闭第六个LED
  29   2                      i=0;//关闭蜂鸣器        
  30   2              }
  31   1      }


MODULE INFORMATION:   STATIC OVERLAYABLE
   CODE SIZE        =     52    ----
   CONSTANT SIZE    =   ----    ----
   XDATA SIZE       =   ----    ----
   PDATA SIZE       =   ----    ----
   DATA SIZE        =   ----    ----
   IDATA SIZE       =   ----    ----
   BIT SIZE         =   ----    ----
END OF MODULE INFORMATION.


C51 COMPILATION COMPLETE.  0 WARNING(S),  0 ERROR(S)
