C51 COMPILER V9.01   24C02                                                                 07/14/2022 11:34:25 PAGE 1   


C51 COMPILER V9.01, COMPILATION OF MODULE 24C02
OBJECT MODULE PLACED IN .\Obj\24c02.obj
COMPILER INVOKED BY: E:\Keil\C51\BIN\C51.EXE App\24c02\24c02.c BROWSE INCDIR(.\App\24c02;.\App\iic;.\App\key;.\App\smg;.
                    -\Public;.\App\func_test) DEBUG OBJECTEXTEND PRINT(.\Obj\24c02.lst) OBJECT(.\Obj\24c02.obj)

line level    source

   1          #include "24c02.h"
   2          #include "IIC.h"
   3          /*写入一个字节至24C02
   4          参数：从机地址SlaveAdd ， 从机中数据写入地址DataAdd , 数据dat
   5          返回：0写入成功，1写入失败
   6          */
   7          unsigned char At24C02_write_byte(const unsigned char SlaveAdd , 
   8                                                                          const unsigned char DataAdd 
   9                                                                   , const unsigned char dat){
  10   1                      unsigned char ack;
  11   1                      IIC_start();
  12   1                      ack=IIC_send_byte(SlaveAdd);//发送写命令，并获取发送发聩
  13   1                      if(ack) return 1;
  14   1                      ack  = IIC_send_byte(DataAdd);//发送要写入器件的数据，并获取发送反馈
  15   1                      if(ack) return 1;
  16   1                      ack = IIC_send_byte(dat);//发送数据
  17   1                      if(ack) return 1;
  18   1                      IIC_stop();//发送完成终止传输
  19   1                      return 0;
  20   1      }
  21          /*
  22                  从24C02读取一个数据,不处理 非应答情况
  23          参数： 要读取设备的从机地址SlaveAdd, 要读取的数据地址，接收完后，0应答/1非应答ack 
  24          返回：读取的数据
  25          */
  26          unsigned char At24C02_read_byte(const unsigned char SlaveAdd , 
  27                                                                    const unsigned char DataAdd ,
  28                                                                    const unsigned char ack){
  29   1              unsigned char dat , feedback;
  30   1              IIC_start();
  31   1              feedback = IIC_send_byte(SlaveAdd);//发送器件地址和写命令，并获取发送反馈,不处理非应答情况
  32   1              feedback = IIC_send_byte(DataAdd);//发送读取数据的地址
  33   1              IIC_start();//根据时序图，重启数据总线
  34   1              feedback = IIC_send_byte(SlaveAdd|0x01);//发送期间地址和读命令
  35   1          dat = IIC_get_byte(ack);//获取数据，并发送应答情况
  36   1              return dat;
  37   1      }


MODULE INFORMATION:   STATIC OVERLAYABLE
   CODE SIZE        =     84    ----
   CONSTANT SIZE    =   ----    ----
   XDATA SIZE       =   ----    ----
   PDATA SIZE       =   ----    ----
   DATA SIZE        =   ----       6
   IDATA SIZE       =   ----    ----
   BIT SIZE         =   ----    ----
END OF MODULE INFORMATION.


C51 COMPILATION COMPLETE.  0 WARNING(S),  0 ERROR(S)
