C51 COMPILER V9.01   DELAY                                                                 07/13/2022 11:00:44 PAGE 1   


C51 COMPILER V9.01, COMPILATION OF MODULE DELAY
OBJECT MODULE PLACED IN .\Obj\delay.obj
COMPILER INVOKED BY: E:\Keil\C51\BIN\C51.EXE Public\delay.c BROWSE INCDIR(.\App\24c02;.\App\iic;.\App\key;.\App\smg;.\Pu
                    -blic;.\App\func_test) DEBUG OBJECTEXTEND PRINT(.\Obj\delay.lst) OBJECT(.\Obj\delay.obj)

line level    source

   1          #include "delay.h"
   2          
   3          /*10us=1,时延为10us*/
   4          void delay_10us(unsigned int _10us){
   5   1              while(_10us--){}
   6   1      }
   7          /*1ms=1,时延为1ms*/
   8          void delay_1ms(unsigned int _1ms){
   9   1               _1ms*=110;
  10   1               while(_1ms--){
  11   2               }
  12   1      }


MODULE INFORMATION:   STATIC OVERLAYABLE
   CODE SIZE        =     29    ----
   CONSTANT SIZE    =   ----    ----
   XDATA SIZE       =   ----    ----
   PDATA SIZE       =   ----    ----
   DATA SIZE        =   ----    ----
   IDATA SIZE       =   ----    ----
   BIT SIZE         =   ----    ----
END OF MODULE INFORMATION.


C51 COMPILATION COMPLETE.  0 WARNING(S),  0 ERROR(S)
