C51 COMPILER V9.01   INDIVIDUAL_KEYS                                                       07/14/2022 09:03:10 PAGE 1   


C51 COMPILER V9.01, COMPILATION OF MODULE INDIVIDUAL_KEYS
OBJECT MODULE PLACED IN .\Obj\Individual_keys.obj
COMPILER INVOKED BY: E:\Keil\C51\BIN\C51.EXE App\key\Individual_keys.c BROWSE INCDIR(.\App\24c02;.\App\iic;.\App\key;.\A
                    -pp\smg;.\Public;.\App\func_test) DEBUG OBJECTEXTEND PRINT(.\Obj\Individual_keys.lst) OBJECT(.\Obj\Individual_keys.obj)

line level    source

   1          #include "individual_keys.h"
   2          
   3          unsigned char key_scan(const unsigned char mode){
   4   1              static unsigned char key=1;
   5   1              if(mode) key=1;
   6   1              if (key&&(!KEY1 || !KEY2 || !KEY3  || !KEY4 )){
   7   2                      delay_1ms(10);//Ê±ÑÓÏû¶¶
   8   2                      key=0;
   9   2                      if(!KEY1){
  10   3                              return KEY1_PRESS;
  11   3                      }else if(!KEY2){
  12   3                              return KEY2_PRESS;
  13   3                      }else if(!KEY3){
  14   3                              return KEY3_PRESS;
  15   3                      }else if(!KEY4){
  16   3                              return KEY4_PRESS;
  17   3                      }
  18   2              }else if(KEY1&&KEY2&&KEY3&&KEY4){
  19   2                      key=1;
  20   2              }
  21   1      
  22   1              return KEY_UNPRESS;     
  23   1      }


MODULE INFORMATION:   STATIC OVERLAYABLE
   CODE SIZE        =     74    ----
   CONSTANT SIZE    =   ----    ----
   XDATA SIZE       =   ----    ----
   PDATA SIZE       =   ----    ----
   DATA SIZE        =      1    ----
   IDATA SIZE       =   ----    ----
   BIT SIZE         =   ----    ----
END OF MODULE INFORMATION.


C51 COMPILATION COMPLETE.  0 WARNING(S),  0 ERROR(S)
