C51 COMPILER V9.01   DIGIT_DISPLAY                                                         06/01/2022 18:19:16 PAGE 1   


C51 COMPILER V9.01, COMPILATION OF MODULE DIGIT_DISPLAY
OBJECT MODULE PLACED IN digit_display.OBJ
COMPILER INVOKED BY: E:\Keil\C51\BIN\C51.EXE digit_display.c BROWSE DEBUG OBJECTEXTEND

line level    source

   1          #include "reg52.h"
   2          typedef unsigned int uint;
   3          sbit P22=P2^2;
   4          sbit P23=P2^3;
   5          sbit P24=P2^4;
   6          
   7          uint display[] = {0x00,0x3f,0x06,0x5b,0x4f,0x66,0x6d,0x7d,0x07,
   8                                            0x7f,0x6f,0x77,0x7c,0x39,0x5e,0x79,0x71};
   9          
  10          void delay(uint i){
  11   1              while(i--){
  12   2              }
  13   1      }
  14          
  15          void main(){
  16   1              /*数码管显示*/
  17   1              while(1){
  18   2                      uint i;
  19   2                      for( i=1 ; i<9 ; ++i){
  20   3                              switch(i){
  21   4                                      case 1: P24=1;P23=1;P22=1;break;
  22   4                                      case 2: P24=1;P23=1;P22=0;break;
  23   4                                      case 3: P24=1;P23=0;P22=1;break;
  24   4                                      case 4: P24=1;P23=0;P22=0;break;
  25   4                                      case 5: P24=0;P23=1;P22=1;break;
  26   4                                      case 6: P24=0;P23=1;P22=0;break;
  27   4                                      case 7: P24=0;P23=0;P22=1;break;
  28   4                                      case 8: P24=0;P23=0;P22=0;break;
  29   4      
  30   4                              }
  31   3                              /*控制时延即可控制是流水灯式显示还是全部显示*/
  32   3                              delay(100);
  33   3                              P0 = display[i];
  34   3                              delay(100);
  35   3                              P0=display[0];
  36   3                      }
  37   2              }
  38   1      }


MODULE INFORMATION:   STATIC OVERLAYABLE
   CODE SIZE        =    164    ----
   CONSTANT SIZE    =   ----    ----
   XDATA SIZE       =   ----    ----
   PDATA SIZE       =   ----    ----
   DATA SIZE        =     34       2
   IDATA SIZE       =   ----    ----
   BIT SIZE         =   ----    ----
END OF MODULE INFORMATION.


C51 COMPILATION COMPLETE.  0 WARNING(S),  0 ERROR(S)
