C51 COMPILER V9.01   BCD_TO_DECIMAL                                                        07/26/2022 10:51:45 PAGE 1   


C51 COMPILER V9.01, COMPILATION OF MODULE BCD_TO_DECIMAL
OBJECT MODULE PLACED IN BCD_to_decimal.obj
COMPILER INVOKED BY: E:\Keil\C51\BIN\C51.EXE Public\BCD_to_decimal.c BROWSE INCDIR(.\Public;.\User;.\App\DS1302;.\App\ke
                    -y;.\App\SMG) DEBUG OBJECTEXTEND PRINT(.\Obj\BCD_to_decimal.lst) OBJECT(BCD_to_decimal.obj)

line level    source

   1          #include "BCD_to_decimal.h"
   2          unsigned char bcd_to_decimal(unsigned char bcd ){
   3   1              return bcd/16*10+bcd%16;
   4   1      }
   5          unsigned char decimal_to_bcd(unsigned char dec){
   6   1              return dec/10*16+dec%10; 
   7   1      }


MODULE INFORMATION:   STATIC OVERLAYABLE
   CODE SIZE        =     34    ----
   CONSTANT SIZE    =   ----    ----
   XDATA SIZE       =   ----    ----
   PDATA SIZE       =   ----    ----
   DATA SIZE        =   ----    ----
   IDATA SIZE       =   ----    ----
   BIT SIZE         =   ----    ----
END OF MODULE INFORMATION.


C51 COMPILATION COMPLETE.  0 WARNING(S),  0 ERROR(S)
