C51 COMPILER V9.01   DS1302                                                                07/21/2022 17:23:51 PAGE 1   


C51 COMPILER V9.01, COMPILATION OF MODULE DS1302
OBJECT MODULE PLACED IN DS1302.obj
COMPILER INVOKED BY: E:\Keil\C51\BIN\C51.EXE App\DS1302\DS1302.c BROWSE INCDIR(.\Public;.\User;.\App\DS1302;.\App\key;.\
                    -App\SMG) DEBUG OBJECTEXTEND PRINT(.\Obj\DS1302.lst) OBJECT(DS1302.obj)

line level    source

   1          #include "DS1302.h"
   2          
   3          void DS1302_Write_byte( unsigned char dat){
   4   1              unsigned char i;
   5   1              CE=0;
   6   1              SCLK=0;
   7   1              delay_10us(1);
   8   1              CE=1;
   9   1      
  10   1              for(i=0;i<8;++i){
  11   2                      IO = dat&(0x01<<i);
  12   2                      SCLK =1;
  13   2                      delay_10us(1);
  14   2                      SCLK=0;
  15   2              }
  16   1              CE=0;
  17   1      }
  18          void DS1302_Write( unsigned char Add ,  unsigned char dat){
  19   1              DS1302_Write_byte(Add);
  20   1              DS1302_Write_byte(dat);
  21   1      
  22   1      }
  23          unsigned char DS1302_Read_byte(){
  24   1              unsigned char i;
  25   1              unsigned char retVal=0;
  26   1              unsigned char tmp_IO;
  27   1              CE=0;
  28   1              SCLK=1;
  29   1              delay_10us(1);
  30   1              CE=1;
  31   1      
  32   1              for(i=0;i<8;++i){
  33   2                      tmp_IO = IO;
  34   2                      retVal |= (tmp_IO<<i);
  35   2                      SCLK=0;
  36   2                      delay_10us(1);
  37   2                      SCLK=1;
  38   2              }
  39   1              delay_10us(1);
  40   1              CE=0;
  41   1              SCLK=0;
  42   1              return retVal;
  43   1      
  44   1      }
  45          unsigned char DS1302_Read( unsigned char Add ){
  46   1              unsigned char dat;
  47   1              DS1302_Write_byte(Add);
  48   1              delay_10us(1);
  49   1              dat = DS1302_Read_byte();
  50   1              return dat;
  51   1      }


MODULE INFORMATION:   STATIC OVERLAYABLE
C51 COMPILER V9.01   DS1302                                                                07/21/2022 17:23:51 PAGE 2   

   CODE SIZE        =    160    ----
   CONSTANT SIZE    =   ----    ----
   XDATA SIZE       =   ----    ----
   PDATA SIZE       =   ----    ----
   DATA SIZE        =   ----       6
   IDATA SIZE       =   ----    ----
   BIT SIZE         =   ----    ----
END OF MODULE INFORMATION.


C51 COMPILATION COMPLETE.  0 WARNING(S),  0 ERROR(S)
